<?xml version='1.0' encoding='UTF-8'?>
<testsuite hostname="LAPTOP-P0G3TFMI" name="codecs.CodecsSuite" tests="13" errors="0" failures="1" skipped="0" time="0.259" timestamp="2020-08-23T23:31:57">
                     <properties>
[...]
</properties>
                     <testcase classname="codecs.CodecsSuite" name="it is possible to encode and decode 'Int' values (1pt)" time="0.137">
                                                 
                                               </testcase><testcase classname="codecs.CodecsSuite" name="a 'Boolean' value should be encoded as a JSON boolean (1pt)" time="0.0">
                                                 
                                               </testcase><testcase classname="codecs.CodecsSuite" name="it is possible to encode and decode 'Boolean' values (1pt)" time="0.01">
                                                 
                                               </testcase><testcase classname="codecs.CodecsSuite" name="a 'Contacts' value should be encoded as a JSON object (1pt)" time="0.004">
                                                 
                                               </testcase><testcase classname="codecs.CodecsSuite" name="it is possible to encode and decode people (4pts)" time="0.052">
                                                 
                                               </testcase><testcase classname="codecs.CodecsSuite" name="a 'List[A]' value should be encoded as a JSON array (0pts)" time="0.0">
                                                 
                                               </testcase><testcase classname="codecs.CodecsSuite" name="it is possible to encode and decode 'String' values (1pt)" time="0.015">
                                                 
                                               </testcase><testcase classname="codecs.CodecsSuite" name="a 'String' value should be encoded as a JSON string (1pt)" time="0.0">
                                                 
                                               </testcase><testcase classname="codecs.CodecsSuite" name="it is possible to encode and decode the 'Unit' value (0pts)" time="0.005">
                                                 
                                               </testcase><testcase classname="codecs.CodecsSuite" name="a 'Person' value should be encoded as a JSON object (1pt)" time="0.001">
                                                 
                                               </testcase><testcase classname="codecs.CodecsSuite" name="it is possible to encode and decode lists (5pts)" time="0.025">
                                                 
                                               </testcase><testcase classname="codecs.CodecsSuite" name="the 'Int' decoder should reject invalid 'Int' values (2pts)" time="0.001">
                                                 
                                               </testcase><testcase classname="codecs.CodecsSuite" name="it is possible to encode and decode contacts (4pts)" time="0.009">
                                                 <failure message="java.lang.AssertionError: Encoded value 'Contacts(List())' was not successfully decoded. Got 'None'." type="sbt.ForkMain$ForkError">sbt.ForkMain$ForkError: java.lang.AssertionError: Encoded value 'Contacts(List())' was not successfully decoded. Got 'None'.
	at codecs.CodecsSuite.fail$1(CodecsSuite.scala:18)
	at codecs.CodecsSuite.checkProperty(CodecsSuite.scala:21)
	at codecs.CodecsSuite.it$u0020is$u0020possible$u0020to$u0020encode$u0020and$u0020decode$u0020contacts$u0020$u00284pts$u0029(CodecsSuite.scala:99)
	at sun.reflect.NativeMethodAccessorImpl.invoke0(Native Method)
	at sun.reflect.NativeMethodAccessorImpl.invoke(NativeMethodAccessorImpl.java:62)
	at sun.reflect.DelegatingMethodAccessorImpl.invoke(DelegatingMethodAccessorImpl.java:43)
	at java.lang.reflect.Method.invoke(Method.java:498)
	at org.junit.runners.model.FrameworkMethod$1.runReflectiveCall(FrameworkMethod.java:47)
	at org.junit.internal.runners.model.ReflectiveCallable.run(ReflectiveCallable.java:12)
	at org.junit.runners.model.FrameworkMethod.invokeExplosively(FrameworkMethod.java:44)
	at org.junit.internal.runners.statements.InvokeMethod.evaluate(InvokeMethod.java:17)
	at org.junit.runners.ParentRunner.runLeaf(ParentRunner.java:271)
	at org.junit.runners.BlockJUnit4ClassRunner.runChild(BlockJUnit4ClassRunner.java:70)
	at org.junit.runners.BlockJUnit4ClassRunner.runChild(BlockJUnit4ClassRunner.java:50)
	at org.junit.runners.ParentRunner$3.run(ParentRunner.java:238)
	at org.junit.runners.ParentRunner$1.schedule(ParentRunner.java:63)
	at org.junit.runners.ParentRunner.runChildren(ParentRunner.java:236)
	at org.junit.runners.ParentRunner.access$000(ParentRunner.java:53)
	at org.junit.runners.ParentRunner$2.evaluate(ParentRunner.java:229)
	at org.junit.runners.ParentRunner.run(ParentRunner.java:309)
	at org.junit.runners.Suite.runChild(Suite.java:127)
	at org.junit.runners.Suite.runChild(Suite.java:26)
	at org.junit.runners.ParentRunner$3.run(ParentRunner.java:238)
	at org.junit.runners.ParentRunner$1.schedule(ParentRunner.java:63)
	at org.junit.runners.ParentRunner.runChildren(ParentRunner.java:236)
	at org.junit.runners.ParentRunner.access$000(ParentRunner.java:53)
	at org.junit.runners.ParentRunner$2.evaluate(ParentRunner.java:229)
	at org.junit.runners.ParentRunner.run(ParentRunner.java:309)
	at org.junit.runner.JUnitCore.run(JUnitCore.java:160)
	at org.junit.runner.JUnitCore.run(JUnitCore.java:138)
	at com.novocode.junit.JUnitRunner$1.execute(JUnitRunner.java:132)
	at sbt.ForkMain$Run.lambda$runTest$1(ForkMain.java:304)
	at java.util.concurrent.FutureTask.run(FutureTask.java:266)
	at java.util.concurrent.ThreadPoolExecutor.runWorker(ThreadPoolExecutor.java:1149)
	at java.util.concurrent.ThreadPoolExecutor$Worker.run(ThreadPoolExecutor.java:624)
	at java.lang.Thread.run(Thread.java:748)
</failure>
                                               </testcase>
                     <system-out><![CDATA[]]></system-out>
                     <system-err><![CDATA[]]></system-err>
                   </testsuite>