<?xml version='1.0' encoding='UTF-8'?>
<testsuite hostname="LAPTOP-P0G3TFMI" name="funsets.FunSetSuite" tests="9" errors="0" failures="0" skipped="0" time="0.105" timestamp="2020-07-12T14:44:28">
                     <properties>
[...]
</properties>
                     <testcase classname="funsets.FunSetSuite" name="filter returns a set of all elements that satisfy the given function" time="0.083">
                                                 
                                               </testcase><testcase classname="funsets.FunSetSuite" name="exists returns a true if any element in set satisfies the given function else false" time="0.004">
                                                 
                                               </testcase><testcase classname="funsets.FunSetSuite" name="map returns a set transformed by applying the given function to each element of the set" time="0.006">
                                                 
                                               </testcase><testcase classname="funsets.FunSetSuite" name="singleton set one contains one" time="0.001">
                                                 
                                               </testcase><testcase classname="funsets.FunSetSuite" name="intersection contains all common elements if two sets" time="0.002">
                                                 
                                               </testcase><testcase classname="funsets.FunSetSuite" name="union contains all elements of each set" time="0.002">
                                                 
                                               </testcase><testcase classname="funsets.FunSetSuite" name="difference contains all elements of (s1 union s2) that are not in (s3 union s2)" time="0.003">
                                                 
                                               </testcase><testcase classname="funsets.FunSetSuite" name="forall returns a true if all elements in set satisfy the given function else false" time="0.003">
                                                 
                                               </testcase><testcase classname="funsets.FunSetSuite" name="contains is implemented" time="0.001">
                                                 
                                               </testcase>
                     <system-out><![CDATA[]]></system-out>
                     <system-err><![CDATA[]]></system-err>
                   </testsuite>